04/07/2024 10:23:24 PM: INFO: ***************  test_homePageTitle  ******************
04/07/2024 10:23:24 PM: INFO: ***************** Verify Home Page title *******************
04/07/2024 10:23:26 PM: INFO: ***************** First test case passed  *******************
04/07/2024 10:23:27 PM: INFO: ***************  test_Login  ******************
04/07/2024 10:23:30 PM: INFO: ***************** SecondTest Case Passed  *******************
04/07/2024 10:34:02 PM: INFO: ***************  test_homePageTitle  ******************
04/07/2024 10:34:02 PM: INFO: ***************** Verify Home Page title *******************
04/07/2024 10:34:04 PM: INFO: ***************** First test case passed  *******************
04/07/2024 10:34:05 PM: INFO: ***************  test_Login  ******************
04/07/2024 10:34:08 PM: INFO: ***************** SecondTest Case Passed  *******************
04/10/2024 12:22:01 AM: INFO: ***************  test_homePageTitle  ******************
04/10/2024 12:22:01 AM: INFO: ***************** Verify Home Page title *******************
04/10/2024 12:22:03 AM: INFO: ***************** First test case passed  *******************
04/10/2024 12:22:04 AM: INFO: ***************  test_Login  ******************
04/10/2024 12:22:07 AM: INFO: ***************** SecondTest Case Passed  *******************
04/10/2024 12:25:35 AM: INFO: ***************  test_homePageTitle  ******************
04/10/2024 12:25:35 AM: INFO: ***************** Verify Home Page title *******************
04/10/2024 12:25:36 AM: INFO: ***************** First test case passed  *******************
04/10/2024 12:25:38 AM: INFO: ***************  test_Login  ******************
04/10/2024 12:25:42 AM: INFO: ***************** SecondTest Case Passed  *******************
04/18/2024 12:35:37 PM: INFO: ***************  test_homePageTitle  ******************
04/18/2024 12:35:37 PM: INFO: ***************** Verify Home Page title *******************
04/18/2024 12:35:41 PM: INFO: ***************** First test case passed  *******************
04/18/2024 12:35:42 PM: INFO: ***************  test_Login  ******************
04/18/2024 12:43:35 PM: INFO: ***************  test_homePageTitle  ******************
04/18/2024 12:43:35 PM: INFO: ***************** Verify Home Page title *******************
04/18/2024 12:43:36 PM: INFO: ***************** First test case passed  *******************
04/18/2024 12:43:37 PM: INFO: ***************  test_Login  ******************
04/18/2024 12:43:43 PM: INFO: ***************** SecondTest Case Passed  *******************
04/18/2024 12:59:38 PM: INFO: ***************  test_Login  ******************
04/18/2024 12:59:38 PM: INFO: ***************  test_homePageTitle  ******************
04/18/2024 12:59:38 PM: INFO: ***************** Verify Home Page title *******************
04/18/2024 12:59:50 PM: INFO: ***************** First test case passed  *******************
04/18/2024 01:01:10 PM: INFO: ***************  test_Login  ******************
04/18/2024 01:01:10 PM: INFO: ***************  test_homePageTitle  ******************
04/18/2024 01:01:10 PM: INFO: ***************** Verify Home Page title *******************
04/18/2024 01:01:12 PM: INFO: ***************** First test case passed  *******************
04/18/2024 01:02:12 PM: INFO: ***************  test_Login  ******************
04/18/2024 01:02:12 PM: INFO: ***************  test_homePageTitle  ******************
04/18/2024 01:02:12 PM: INFO: ***************** Verify Home Page title *******************
04/18/2024 01:02:14 PM: INFO: ***************** First test case passed  *******************
04/21/2024 03:11:24 PM: INFO: ***************  test_homePageTitle  ******************
04/21/2024 03:11:24 PM: INFO: ***************** Verify Home Page title *******************
04/21/2024 03:11:27 PM: INFO: ***************** First test case passed  *******************
04/21/2024 03:11:29 PM: INFO: ***************  test_Login  ******************
04/21/2024 03:11:37 PM: INFO: ***************** SecondTest Case Passed  *******************
04/21/2024 03:32:21 PM: INFO: ***************  test_homePageTitle  ******************
04/21/2024 03:32:21 PM: INFO: ***************** Verify Home Page title *******************
04/21/2024 03:32:23 PM: INFO: ***************** First test case passed  *******************
04/21/2024 03:32:24 PM: INFO: ***************  test_Login  ******************
04/21/2024 03:32:35 PM: INFO: ***************** SecondTest Case Passed  *******************
04/21/2024 03:38:24 PM: INFO: ***************  test_homePageTitle  ******************
04/21/2024 03:38:24 PM: INFO: ***************** Verify Home Page title *******************
04/21/2024 03:38:28 PM: INFO: ***************** First test case passed  *******************
04/21/2024 03:38:29 PM: INFO: ***************  test_Login  ******************
04/21/2024 03:40:27 PM: INFO: ***************  test_homePageTitle  ******************
04/21/2024 03:40:27 PM: INFO: ***************** Verify Home Page title *******************
04/21/2024 03:40:30 PM: INFO: ***************** First test case passed  *******************
04/21/2024 03:40:32 PM: INFO: ***************  test_Login  ******************
04/21/2024 03:47:18 PM: INFO: ***************  test_homePageTitle  ******************
04/21/2024 03:47:18 PM: INFO: ***************** Verify Home Page title *******************
04/21/2024 03:47:19 PM: INFO: ***************** First test case passed  *******************
04/21/2024 03:47:20 PM: INFO: ***************  test_Login  ******************
04/21/2024 03:47:27 PM: INFO: ***************** SecondTest Case Passed  *******************
04/21/2024 03:53:40 PM: INFO: ***************  test_homePageTitle  ******************
04/21/2024 03:53:40 PM: INFO: ***************** Verify Home Page title *******************
04/21/2024 03:53:41 PM: INFO: ***************** First test case passed  *******************
04/21/2024 03:53:42 PM: INFO: ***************  test_Login  ******************
04/21/2024 03:53:52 PM: INFO: ***************** SecondTest Case Passed  *******************
04/21/2024 03:55:20 PM: INFO: ***************  test_homePageTitle  ******************
04/21/2024 03:55:20 PM: INFO: ***************** Verify Home Page title *******************
04/21/2024 03:55:22 PM: INFO: ***************** First test case passed  *******************
04/21/2024 03:55:23 PM: INFO: ***************  test_Login  ******************
04/21/2024 03:55:49 PM: INFO: ***************** SecondTest Case Passed  *******************
04/21/2024 03:58:01 PM: INFO: ***************  test_homePageTitle  ******************
04/21/2024 03:58:01 PM: INFO: ***************** Verify Home Page title *******************
04/21/2024 03:58:05 PM: INFO: ***************** First test case passed  *******************
04/21/2024 03:58:06 PM: INFO: ***************  test_Login  ******************
04/21/2024 03:58:16 PM: INFO: ***************** SecondTest Case Passed  *******************
04/23/2024 07:01:21 AM: INFO: ***************  test_Login  ******************
04/23/2024 07:01:23 AM: INFO: ***************  test_homePageTitle  ******************
04/23/2024 07:01:23 AM: INFO: ***************** Verify Home Page title *******************
04/23/2024 07:01:24 AM: INFO: ***************** First test case passed  *******************
04/23/2024 07:01:32 AM: INFO: ***************** SecondTest Case Passed  *******************
04/23/2024 07:03:45 AM: INFO: ***************  test_homePageTitle  ******************
04/23/2024 07:03:45 AM: INFO: ***************  test_Login  ******************
04/23/2024 07:03:45 AM: INFO: ***************** Verify Home Page title *******************
04/23/2024 07:03:47 AM: INFO: ***************** First test case passed  *******************
04/23/2024 07:03:50 AM: INFO: ***************** SecondTest Case Passed  *******************
